1587303857911	mozrunner::runner	INFO	Running command: "/usr/bin/firefox" "-marionette" "-foreground" "-no-remote" "-profile" "/tmp/rust_mozprofile.3TwjhjOBiNKl"
1587303858482	addons.webextension.doh-rollout@mozilla.org	WARN	Loading extension 'doh-rollout@mozilla.org': Reading manifest: Invalid extension permission: networkStatus
1587303859114	addons.webextension.screenshots@mozilla.org	WARN	Loading extension 'screenshots@mozilla.org': Reading manifest: Invalid extension permission: mozillaAddons
1587303859115	addons.webextension.screenshots@mozilla.org	WARN	Loading extension 'screenshots@mozilla.org': Reading manifest: Invalid extension permission: telemetry
1587303859115	addons.webextension.screenshots@mozilla.org	WARN	Loading extension 'screenshots@mozilla.org': Reading manifest: Invalid extension permission: resource://pdf.js/
1587303859115	addons.webextension.screenshots@mozilla.org	WARN	Loading extension 'screenshots@mozilla.org': Reading manifest: Invalid extension permission: about:reader*
1587303859263	Marionette	TRACE	Marionette enabled
1587303859373	Marionette	TRACE	Received observer notification toplevel-window-ready
1587303861224	Marionette	TRACE	Received observer notification marionette-startup-requested
1587303861224	Marionette	TRACE	Waiting until startup recorder finished recording startup scripts...
1587303861284	Marionette	TRACE	All scripts recorded.
1587303861284	Marionette	DEBUG	Setting recommended pref apz.content_response_timeout to 60000
1587303861284	Marionette	DEBUG	Setting recommended pref browser.contentblocking.introCount to 99
1587303861285	Marionette	DEBUG	Setting recommended pref browser.download.panel.shown to true
1587303861285	Marionette	DEBUG	Setting recommended pref browser.newtabpage.enabled to false
1587303861287	Marionette	DEBUG	Setting recommended pref browser.pagethumbnails.capturing_disabled to true
1587303861287	Marionette	DEBUG	Setting recommended pref browser.search.update to false
1587303861287	Marionette	DEBUG	Setting recommended pref browser.tabs.disableBackgroundZombification to false
1587303861287	Marionette	DEBUG	Setting recommended pref browser.tabs.remote.separatePrivilegedContentProcess to false
1587303861288	Marionette	DEBUG	Setting recommended pref browser.tabs.unloadOnLowMemory to false
1587303861288	Marionette	DEBUG	Setting recommended pref browser.tabs.warnOnCloseOtherTabs to false
1587303861288	Marionette	DEBUG	Setting recommended pref browser.tabs.warnOnOpen to false
1587303861288	Marionette	DEBUG	Setting recommended pref browser.usedOnWindows10.introURL to 
1587303861288	Marionette	DEBUG	Setting recommended pref browser.urlbar.suggest.searches to false
1587303861290	Marionette	DEBUG	Setting recommended pref datareporting.policy.dataSubmissionPolicyAccepted to false
1587303861290	Marionette	DEBUG	Setting recommended pref dom.disable_beforeunload to true
1587303861290	Marionette	DEBUG	Setting recommended pref dom.disable_open_during_load to false
1587303861290	Marionette	DEBUG	Setting recommended pref dom.file.createInChild to true
1587303861290	Marionette	DEBUG	Setting recommended pref dom.max_chrome_script_run_time to 0
1587303861291	Marionette	DEBUG	Setting recommended pref dom.max_script_run_time to 0
1587303861292	Marionette	DEBUG	Setting recommended pref dom.push.connection.enabled to false
1587303861292	Marionette	DEBUG	Setting recommended pref extensions.getAddons.cache.enabled to false
1587303861292	Marionette	DEBUG	Setting recommended pref extensions.webservice.discoverURL to http://%(server)s/dummy/discoveryURL
1587303861292	Marionette	DEBUG	Setting recommended pref network.http.prompt-temp-redirect to false
1587303861292	Marionette	DEBUG	Setting recommended pref network.http.speculative-parallel-limit to 0
1587303861293	Marionette	DEBUG	Setting recommended pref privacy.trackingprotection.enabled to false
1587303861293	Marionette	DEBUG	Setting recommended pref security.certerrors.mitm.priming.enabled to false
1587303861293	Marionette	DEBUG	Setting recommended pref security.fileuri.strict_origin_policy to false
1587303861293	Marionette	DEBUG	Setting recommended pref security.notification_enable_delay to 0
1587303861293	Marionette	DEBUG	Setting recommended pref signon.autofillForms to false
1587303861294	Marionette	DEBUG	Setting recommended pref signon.rememberSignons to false
1587303861295	Marionette	DEBUG	Setting recommended pref toolkit.cosmeticAnimations.enabled to false
1587303861369	Marionette	INFO	Listening on port 38933
1587303861369	Marionette	DEBUG	Marionette is listening
1587303861432	Marionette	DEBUG	Accepted connection 0 from 127.0.0.1:47582
1587303861445	Marionette	DEBUG	0 -> [0,1,"WebDriver:NewSession",{"acceptInsecureCerts":true,"browserName":"firefox"}]
1587303861445	Marionette	WARN	TLS certificate errors will be ignored for this session
1587303861492	Marionette	TRACE	[14] Frame script loaded
1587303861493	Marionette	TRACE	[14] Frame script registered
1587303861499	Marionette	DEBUG	0 <- [1,1,null,{"sessionId":"708c1a3d-e424-4e68-891a-5ecc192342c2","capabilities":{"browserName":"firefox","browserVersion":"75.0" ... ozprofile.3TwjhjOBiNKl","moz:shutdownTimeout":60000,"moz:useNonSpecCompliantPointerOrigin":false,"moz:webdriverClick":true}}]
1587303861504	Marionette	DEBUG	0 -> [0,2,"WebDriver:SetTimeouts",{"implicit":10000}]
1587303861505	Marionette	DEBUG	0 <- [1,2,null,{"value":null}]
1587303861514	Marionette	DEBUG	0 -> [0,3,"WebDriver:Navigate",{"url":"https://www.franklintempleton.co.uk/adviser/products/portfolio/500/Z/templeton-emerging-markets-bond-fund"}]
1587303861524	Marionette	TRACE	[14] Received DOM event beforeunload for about:blank
1587303863171	Marionette	TRACE	[14] Received DOM event pagehide for about:blank
1587303863908	Marionette	TRACE	[14] Received DOM event DOMContentLoaded for https://www.franklintempleton.co.uk/adviser/index-adviser?ref=L2FkdmlzZXIvcHJvZHVjdHMvcG9ydGZvbGlvLzUwMC9aL3RlbXBsZXRvbi1lbWVyZ2luZy1tYXJrZXRzLWJvbmQtZnVuZA==
1587303865182	Marionette	TRACE	[14] Received DOM event pageshow for https://www.franklintempleton.co.uk/adviser/index-adviser?ref=L2FkdmlzZXIvcHJvZHVjdHMvcG9ydGZvbGlvLzUwMC9aL3RlbXBsZXRvbi1lbWVyZ2luZy1tYXJrZXRzLWJvbmQtZnVuZA==
1587303865185	Marionette	DEBUG	0 <- [1,3,null,{"value":null}]
1587303870256	Marionette	DEBUG	Closed connection 0
Exiting due to channel error.
